<?xml version="1.0" encoding="UTF-8"?>
<testng-results ignored="0" total="11" passed="11" failed="0" skipped="0">
  <reporter-output>
  </reporter-output>
  <suite started-at="2020-03-13T13:24:52 EET" name="AuthorizationSuite" finished-at="2020-03-13T13:27:22 EET" duration-ms="150572">
    <groups>
    </groups>
    <test started-at="2020-03-13T13:24:52 EET" name="Authorization" finished-at="2020-03-13T13:27:22 EET" duration-ms="150572">
      <class name="tests.authorizationTests.AuthorizationPizzaLifeTests">
        <test-method is-config="true" signature="setUp()[pri:0, instance:tests.authorizationTests.AuthorizationPizzaLifeTests@17a7f733]" started-at="2020-03-13T13:24:52 EET" name="setUp" finished-at="2020-03-13T13:25:03 EET" duration-ms="11486" status="PASS">
          <reporter-output>
          </reporter-output>
        </test-method> <!-- setUp -->
        <test-method signature="RegistrationButtonIsClickableTest()[pri:0, instance:tests.authorizationTests.AuthorizationPizzaLifeTests@17a7f733]" started-at="2020-03-13T13:25:03 EET" name="RegistrationButtonIsClickableTest" finished-at="2020-03-13T13:25:04 EET" duration-ms="690" status="PASS">
          <reporter-output>
          </reporter-output>
        </test-method> <!-- RegistrationButtonIsClickableTest -->
        <test-method is-config="true" signature="tearDown()[pri:0, instance:tests.authorizationTests.AuthorizationPizzaLifeTests@17a7f733]" started-at="2020-03-13T13:25:04 EET" name="tearDown" finished-at="2020-03-13T13:25:05 EET" duration-ms="637" status="PASS">
          <reporter-output>
          </reporter-output>
        </test-method> <!-- tearDown -->
        <test-method is-config="true" signature="setUp()[pri:0, instance:tests.authorizationTests.AuthorizationPizzaLifeTests@17a7f733]" started-at="2020-03-13T13:25:05 EET" name="setUp" finished-at="2020-03-13T13:25:16 EET" duration-ms="11703" status="PASS">
          <reporter-output>
          </reporter-output>
        </test-method> <!-- setUp -->
        <test-method signature="logInWithInvalidCredentialsTest()[pri:0, instance:tests.authorizationTests.AuthorizationPizzaLifeTests@17a7f733]" started-at="2020-03-13T13:25:16 EET" name="logInWithInvalidCredentialsTest" finished-at="2020-03-13T13:25:18 EET" duration-ms="1303" status="PASS">
          <reporter-output>
          </reporter-output>
        </test-method> <!-- logInWithInvalidCredentialsTest -->
        <test-method is-config="true" signature="tearDown()[pri:0, instance:tests.authorizationTests.AuthorizationPizzaLifeTests@17a7f733]" started-at="2020-03-13T13:25:18 EET" name="tearDown" finished-at="2020-03-13T13:25:18 EET" duration-ms="621" status="PASS">
          <reporter-output>
          </reporter-output>
        </test-method> <!-- tearDown -->
        <test-method is-config="true" signature="setUp()[pri:0, instance:tests.authorizationTests.AuthorizationPizzaLifeTests@17a7f733]" started-at="2020-03-13T13:25:18 EET" name="setUp" finished-at="2020-03-13T13:25:29 EET" duration-ms="11144" status="PASS">
          <reporter-output>
          </reporter-output>
        </test-method> <!-- setUp -->
        <test-method signature="logInWithInvalidPasswordTest()[pri:0, instance:tests.authorizationTests.AuthorizationPizzaLifeTests@17a7f733]" started-at="2020-03-13T13:25:29 EET" name="logInWithInvalidPasswordTest" finished-at="2020-03-13T13:25:31 EET" duration-ms="1397" status="PASS">
          <reporter-output>
          </reporter-output>
        </test-method> <!-- logInWithInvalidPasswordTest -->
        <test-method is-config="true" signature="tearDown()[pri:0, instance:tests.authorizationTests.AuthorizationPizzaLifeTests@17a7f733]" started-at="2020-03-13T13:25:31 EET" name="tearDown" finished-at="2020-03-13T13:25:31 EET" duration-ms="709" status="PASS">
          <reporter-output>
          </reporter-output>
        </test-method> <!-- tearDown -->
        <test-method is-config="true" signature="setUp()[pri:0, instance:tests.authorizationTests.AuthorizationPizzaLifeTests@17a7f733]" started-at="2020-03-13T13:25:31 EET" name="setUp" finished-at="2020-03-13T13:25:45 EET" duration-ms="13356" status="PASS">
          <reporter-output>
          </reporter-output>
        </test-method> <!-- setUp -->
        <test-method signature="logInWithInvalidUsernameTest()[pri:0, instance:tests.authorizationTests.AuthorizationPizzaLifeTests@17a7f733]" started-at="2020-03-13T13:25:45 EET" name="logInWithInvalidUsernameTest" finished-at="2020-03-13T13:25:46 EET" duration-ms="1191" status="PASS">
          <reporter-output>
          </reporter-output>
        </test-method> <!-- logInWithInvalidUsernameTest -->
        <test-method is-config="true" signature="tearDown()[pri:0, instance:tests.authorizationTests.AuthorizationPizzaLifeTests@17a7f733]" started-at="2020-03-13T13:25:46 EET" name="tearDown" finished-at="2020-03-13T13:25:47 EET" duration-ms="616" status="PASS">
          <reporter-output>
          </reporter-output>
        </test-method> <!-- tearDown -->
        <test-method is-config="true" signature="setUp()[pri:0, instance:tests.authorizationTests.AuthorizationPizzaLifeTests@17a7f733]" started-at="2020-03-13T13:25:47 EET" name="setUp" finished-at="2020-03-13T13:25:59 EET" duration-ms="12020" status="PASS">
          <reporter-output>
          </reporter-output>
        </test-method> <!-- setUp -->
        <test-method signature="logInWithValidCredentialsTest()[pri:0, instance:tests.authorizationTests.AuthorizationPizzaLifeTests@17a7f733]" started-at="2020-03-13T13:25:59 EET" name="logInWithValidCredentialsTest" finished-at="2020-03-13T13:26:00 EET" duration-ms="1494" status="PASS">
          <reporter-output>
          </reporter-output>
        </test-method> <!-- logInWithValidCredentialsTest -->
        <test-method is-config="true" signature="tearDown()[pri:0, instance:tests.authorizationTests.AuthorizationPizzaLifeTests@17a7f733]" started-at="2020-03-13T13:26:00 EET" name="tearDown" finished-at="2020-03-13T13:26:01 EET" duration-ms="616" status="PASS">
          <reporter-output>
          </reporter-output>
        </test-method> <!-- tearDown -->
        <test-method is-config="true" signature="setUp()[pri:0, instance:tests.authorizationTests.AuthorizationPizzaLifeTests@17a7f733]" started-at="2020-03-13T13:26:01 EET" name="setUp" finished-at="2020-03-13T13:26:12 EET" duration-ms="11510" status="PASS">
          <reporter-output>
          </reporter-output>
        </test-method> <!-- setUp -->
        <test-method signature="logOutTest()[pri:0, instance:tests.authorizationTests.AuthorizationPizzaLifeTests@17a7f733]" started-at="2020-03-13T13:26:12 EET" name="logOutTest" finished-at="2020-03-13T13:26:15 EET" duration-ms="2693" status="PASS">
          <reporter-output>
          </reporter-output>
        </test-method> <!-- logOutTest -->
        <test-method is-config="true" signature="tearDown()[pri:0, instance:tests.authorizationTests.AuthorizationPizzaLifeTests@17a7f733]" started-at="2020-03-13T13:26:15 EET" name="tearDown" finished-at="2020-03-13T13:26:16 EET" duration-ms="615" status="PASS">
          <reporter-output>
          </reporter-output>
        </test-method> <!-- tearDown -->
        <test-method is-config="true" signature="setUp()[pri:0, instance:tests.authorizationTests.AuthorizationPizzaLifeTests@17a7f733]" started-at="2020-03-13T13:26:16 EET" name="setUp" finished-at="2020-03-13T13:26:27 EET" duration-ms="11755" status="PASS">
          <reporter-output>
          </reporter-output>
        </test-method> <!-- setUp -->
        <test-method signature="signUpLeavingAllMandatoryFieldsEmpty()[pri:0, instance:tests.authorizationTests.AuthorizationPizzaLifeTests@17a7f733]" started-at="2020-03-13T13:26:27 EET" name="signUpLeavingAllMandatoryFieldsEmpty" finished-at="2020-03-13T13:26:28 EET" duration-ms="1102" status="PASS">
          <reporter-output>
          </reporter-output>
        </test-method> <!-- signUpLeavingAllMandatoryFieldsEmpty -->
        <test-method is-config="true" signature="tearDown()[pri:0, instance:tests.authorizationTests.AuthorizationPizzaLifeTests@17a7f733]" started-at="2020-03-13T13:26:28 EET" name="tearDown" finished-at="2020-03-13T13:26:29 EET" duration-ms="611" status="PASS">
          <reporter-output>
          </reporter-output>
        </test-method> <!-- tearDown -->
        <test-method is-config="true" signature="setUp()[pri:0, instance:tests.authorizationTests.AuthorizationPizzaLifeTests@17a7f733]" started-at="2020-03-13T13:26:29 EET" name="setUp" finished-at="2020-03-13T13:26:41 EET" duration-ms="12147" status="PASS">
          <reporter-output>
          </reporter-output>
        </test-method> <!-- setUp -->
        <test-method signature="signUpWithoutFillingEmailField()[pri:0, instance:tests.authorizationTests.AuthorizationPizzaLifeTests@17a7f733]" started-at="2020-03-13T13:26:41 EET" name="signUpWithoutFillingEmailField" finished-at="2020-03-13T13:26:42 EET" duration-ms="1193" status="PASS">
          <reporter-output>
          </reporter-output>
        </test-method> <!-- signUpWithoutFillingEmailField -->
        <test-method is-config="true" signature="tearDown()[pri:0, instance:tests.authorizationTests.AuthorizationPizzaLifeTests@17a7f733]" started-at="2020-03-13T13:26:42 EET" name="tearDown" finished-at="2020-03-13T13:26:43 EET" duration-ms="610" status="PASS">
          <reporter-output>
          </reporter-output>
        </test-method> <!-- tearDown -->
        <test-method is-config="true" signature="setUp()[pri:0, instance:tests.authorizationTests.AuthorizationPizzaLifeTests@17a7f733]" started-at="2020-03-13T13:26:43 EET" name="setUp" finished-at="2020-03-13T13:26:54 EET" duration-ms="11130" status="PASS">
          <reporter-output>
          </reporter-output>
        </test-method> <!-- setUp -->
        <test-method signature="signUpWithoutFillingFullNameField()[pri:0, instance:tests.authorizationTests.AuthorizationPizzaLifeTests@17a7f733]" started-at="2020-03-13T13:26:54 EET" name="signUpWithoutFillingFullNameField" finished-at="2020-03-13T13:26:55 EET" duration-ms="1239" status="PASS">
          <reporter-output>
          </reporter-output>
        </test-method> <!-- signUpWithoutFillingFullNameField -->
        <test-method is-config="true" signature="tearDown()[pri:0, instance:tests.authorizationTests.AuthorizationPizzaLifeTests@17a7f733]" started-at="2020-03-13T13:26:55 EET" name="tearDown" finished-at="2020-03-13T13:26:56 EET" duration-ms="720" status="PASS">
          <reporter-output>
          </reporter-output>
        </test-method> <!-- tearDown -->
        <test-method is-config="true" signature="setUp()[pri:0, instance:tests.authorizationTests.AuthorizationPizzaLifeTests@17a7f733]" started-at="2020-03-13T13:26:56 EET" name="setUp" finished-at="2020-03-13T13:27:07 EET" duration-ms="11165" status="PASS">
          <reporter-output>
          </reporter-output>
        </test-method> <!-- setUp -->
        <test-method signature="signUpWithoutFillingPasswordField()[pri:0, instance:tests.authorizationTests.AuthorizationPizzaLifeTests@17a7f733]" started-at="2020-03-13T13:27:07 EET" name="signUpWithoutFillingPasswordField" finished-at="2020-03-13T13:27:09 EET" duration-ms="1268" status="PASS">
          <reporter-output>
          </reporter-output>
        </test-method> <!-- signUpWithoutFillingPasswordField -->
        <test-method is-config="true" signature="tearDown()[pri:0, instance:tests.authorizationTests.AuthorizationPizzaLifeTests@17a7f733]" started-at="2020-03-13T13:27:09 EET" name="tearDown" finished-at="2020-03-13T13:27:09 EET" duration-ms="609" status="PASS">
          <reporter-output>
          </reporter-output>
        </test-method> <!-- tearDown -->
        <test-method is-config="true" signature="setUp()[pri:0, instance:tests.authorizationTests.AuthorizationPizzaLifeTests@17a7f733]" started-at="2020-03-13T13:27:09 EET" name="setUp" finished-at="2020-03-13T13:27:20 EET" duration-ms="11333" status="PASS">
          <reporter-output>
          </reporter-output>
        </test-method> <!-- setUp -->
        <test-method signature="signUpWithoutFillingUserNameField()[pri:0, instance:tests.authorizationTests.AuthorizationPizzaLifeTests@17a7f733]" started-at="2020-03-13T13:27:20 EET" name="signUpWithoutFillingUserNameField" finished-at="2020-03-13T13:27:22 EET" duration-ms="1168" status="PASS">
          <reporter-output>
          </reporter-output>
        </test-method> <!-- signUpWithoutFillingUserNameField -->
        <test-method is-config="true" signature="tearDown()[pri:0, instance:tests.authorizationTests.AuthorizationPizzaLifeTests@17a7f733]" started-at="2020-03-13T13:27:22 EET" name="tearDown" finished-at="2020-03-13T13:27:22 EET" duration-ms="617" status="PASS">
          <reporter-output>
          </reporter-output>
        </test-method> <!-- tearDown -->
      </class> <!-- tests.authorizationTests.AuthorizationPizzaLifeTests -->
    </test> <!-- Authorization -->
  </suite> <!-- AuthorizationSuite -->
</testng-results>
