<?xml version="1.0" encoding="UTF-8"?>
<!-- Generated by org.testng.reporters.JUnitXMLReporter -->
<testsuite ignored="0" hostname="EPUAKHAW00D1" failures="0" tests="11" name="Authorization" time="150.572" errors="0" timestamp="2020-03-13T13:27:22 EET">
  <testcase classname="tests.authorizationTests.AuthorizationPizzaLifeTests" name="RegistrationButtonIsClickableTest" time="0.69"/>
  <testcase classname="tests.authorizationTests.AuthorizationPizzaLifeTests" name="logInWithInvalidCredentialsTest" time="1.303"/>
  <testcase classname="tests.authorizationTests.AuthorizationPizzaLifeTests" name="logInWithInvalidPasswordTest" time="1.397"/>
  <testcase classname="tests.authorizationTests.AuthorizationPizzaLifeTests" name="logInWithInvalidUsernameTest" time="1.191"/>
  <testcase classname="tests.authorizationTests.AuthorizationPizzaLifeTests" name="logInWithValidCredentialsTest" time="1.494"/>
  <testcase classname="tests.authorizationTests.AuthorizationPizzaLifeTests" name="logOutTest" time="2.693"/>
  <testcase classname="tests.authorizationTests.AuthorizationPizzaLifeTests" name="signUpLeavingAllMandatoryFieldsEmpty" time="1.102"/>
  <testcase classname="tests.authorizationTests.AuthorizationPizzaLifeTests" name="signUpWithoutFillingEmailField" time="1.193"/>
  <testcase classname="tests.authorizationTests.AuthorizationPizzaLifeTests" name="signUpWithoutFillingFullNameField" time="1.239"/>
  <testcase classname="tests.authorizationTests.AuthorizationPizzaLifeTests" name="signUpWithoutFillingPasswordField" time="1.268"/>
  <testcase classname="tests.authorizationTests.AuthorizationPizzaLifeTests" name="signUpWithoutFillingUserNameField" time="1.168"/>
</testsuite> <!-- Authorization -->
