<?xml version="1.0" encoding="UTF-8"?>
<!-- Generated by org.testng.reporters.JUnitXMLReporter -->
<testsuite ignored="0" hostname="EPUAKHAW00D1" failures="0" tests="5" name="CartTests" time="81.533" errors="0" timestamp="2020-03-13T13:24:31 EET">
  <testcase classname="tests.cartTests.PizzaLifeCartTests" name="addToCartTest" time="4.058"/>
  <testcase classname="tests.cartTests.PizzaLifeCartTests" name="makeOrderLeavingAllMandatoryFieldsEmpty" time="4.031"/>
  <testcase classname="tests.cartTests.PizzaLifeCartTests" name="makeOrderWithoutFillingAddressField" time="4.014"/>
  <testcase classname="tests.cartTests.PizzaLifeCartTests" name="makeOrderWithoutFillingNameField" time="4.397"/>
  <testcase classname="tests.cartTests.PizzaLifeCartTests" name="makeOrderWithoutFillingPhoneField" time="4.42"/>
</testsuite> <!-- CartTests -->
